#
# There is insufficient memory for the Java Runtime Environment to continue.
# Native memory allocation (malloc) failed to allocate 1556656 bytes for Chunk::new
# Possible reasons:
#   The system is out of physical RAM or swap space
#   The process is running with CompressedOops enabled, and the Java Heap may be blocking the growth of the native heap
# Possible solutions:
#   Reduce memory load on the system
#   Increase physical memory or swap space
#   Check if swap backing store is full
#   Decrease Java heap size (-Xmx/-Xms)
#   Decrease number of Java threads
#   Decrease Java thread stack sizes (-Xss)
#   Set larger code cache with -XX:ReservedCodeCacheSize=
#   JVM is running with Unscaled Compressed Oops mode in which the Java heap is
#     placed in the first 4GB address space. The Java Heap base address is the
#     maximum limit for the native heap growth. Please use -XX:HeapBaseMinAddress
#     to set the Java Heap base and to place the Java Heap above 4GB virtual address.
# This output file may be truncated or incomplete.
#
#  Out of Memory Error (arena.cpp:184), pid=30372, tid=15244
#
# JRE version: Java(TM) SE Runtime Environment (20.0.2+9) (build 20.0.2+9-78)
# Java VM: Java HotSpot(TM) 64-Bit Server VM (20.0.2+9-78, mixed mode, sharing, tiered, compressed oops, compressed class ptrs, g1 gc, windows-amd64)
# No core dump will be written. Minidumps are not enabled by default on client versions of Windows
#

---------------  S U M M A R Y ------------

Command Line: --module-path=C:\Users\hitar\OneDrive\Desktop\ICS3U1-08\lib -Dfile.encoding=UTF-8 -XX:+ShowCodeDetailsInExceptionMessages application.CrimeSightApplication

Host: 11th Gen Intel(R) Core(TM) i3-1115G4 @ 3.00GHz, 4 cores, 7G,  Windows 11 , 64 bit Build 26100 (10.0.26100.3912)
Time: Thu May 22 19:18:30 2025 Eastern Daylight Time elapsed time: 17.393726 seconds (0d 0h 0m 17s)

---------------  T H R E A D  ---------------

Current thread (0x00000174c4ec6c20):  JavaThread "C2 CompilerThread0" daemon [_thread_in_native, id=15244, stack(0x0000006757c00000,0x0000006757d00000)]


Current CompileTask:
C2:  17393 2603   !   4       javax.swing.RepaintManager::addDirtyRegion0 (205 bytes)

Stack: [0x0000006757c00000,0x0000006757d00000]
Native frames: (J=compiled Java code, j=interpreted, Vv=VM code, C=native code)
V  [jvm.dll+0x6bc25a]
V  [jvm.dll+0x84971a]
V  [jvm.dll+0x84b315]
V  [jvm.dll+0x84ba13]
V  [jvm.dll+0x280e4f]
V  [jvm.dll+0xc2ab1]
V  [jvm.dll+0xc2dd5]
V  [jvm.dll+0x3bb612]
V  [jvm.dll+0x385b75]
V  [jvm.dll+0x384fea]
V  [jvm.dll+0x24b529]
V  [jvm.dll+0x24a921]
V  [jvm.dll+0x1ce761]
V  [jvm.dll+0x25a0eb]
V  [jvm.dll+0x2587c0]
V  [jvm.dll+0x3f2dd5]
V  [jvm.dll+0x7f5c76]
V  [jvm.dll+0x6baecb]
C  [ucrtbase.dll+0x37b0]
C  [KERNEL32.DLL+0x2e8d7]
C  [ntdll.dll+0x9c5dc]


---------------  P R O C E S S  ---------------

Threads class SMR info:
_java_thread_list=0x000001750c29d160, length=16, elements={
0x00000174c4eb6940, 0x00000174c4ebaf00, 0x00000174c4ebf980, 0x00000174c4ec58b0,
0x00000174c4ec62e0, 0x00000174c4ec4510, 0x00000174c4ec6c20, 0x000001750a130fe0,
0x00000174c4e808f0, 0x000001750a2fad60, 0x000001750a462820, 0x000001750a463840,
0x000001750ae962c0, 0x000001750a50cc20, 0x00000174a6eec2c0, 0x000001750b0b1f30
}

Java Threads: ( => current thread )
  0x00000174c4eb6940 JavaThread "Reference Handler" daemon [_thread_blocked, id=9756, stack(0x0000006757600000,0x0000006757700000)]
  0x00000174c4ebaf00 JavaThread "Finalizer" daemon [_thread_blocked, id=26536, stack(0x0000006757700000,0x0000006757800000)]
  0x00000174c4ebf980 JavaThread "Signal Dispatcher" daemon [_thread_blocked, id=37664, stack(0x0000006757800000,0x0000006757900000)]
  0x00000174c4ec58b0 JavaThread "Attach Listener" daemon [_thread_blocked, id=10356, stack(0x0000006757900000,0x0000006757a00000)]
  0x00000174c4ec62e0 JavaThread "Service Thread" daemon [_thread_blocked, id=30364, stack(0x0000006757a00000,0x0000006757b00000)]
  0x00000174c4ec4510 JavaThread "Monitor Deflation Thread" daemon [_thread_blocked, id=18988, stack(0x0000006757b00000,0x0000006757c00000)]
=>0x00000174c4ec6c20 JavaThread "C2 CompilerThread0" daemon [_thread_in_native, id=15244, stack(0x0000006757c00000,0x0000006757d00000)]
  0x000001750a130fe0 JavaThread "C1 CompilerThread0" daemon [_thread_blocked, id=16524, stack(0x0000006757d00000,0x0000006757e00000)]
  0x00000174c4e808f0 JavaThread "Common-Cleaner" daemon [_thread_blocked, id=33816, stack(0x0000006757e00000,0x0000006757f00000)]
  0x000001750a2fad60 JavaThread "Notification Thread" daemon [_thread_blocked, id=37640, stack(0x0000006758000000,0x0000006758100000)]
  0x000001750a462820 JavaThread "Java2D Disposer" daemon [_thread_blocked, id=30348, stack(0x0000006757f00000,0x0000006758000000)]
  0x000001750a463840 JavaThread "AWT-Windows" daemon [_thread_in_native, id=32344, stack(0x0000006758300000,0x0000006758400000)]
  0x000001750ae962c0 JavaThread "AWT-Shutdown" [_thread_blocked, id=35680, stack(0x0000006758200000,0x0000006758300000)]
  0x000001750a50cc20 JavaThread "AWT-EventQueue-0" [_thread_blocked, id=36376, stack(0x0000006758500000,0x0000006758600000)]
  0x00000174a6eec2c0 JavaThread "DestroyJavaVM" [_thread_blocked, id=32692, stack(0x0000006756f00000,0x0000006757000000)]
  0x000001750b0b1f30 JavaThread "TimerQueue" daemon [_thread_blocked, id=34752, stack(0x0000006758900000,0x0000006758a00000)]

Other Threads:
  0x00000174c4e94490 VMThread "VM Thread" [stack: 0x0000006757500000,0x0000006757600000] [id=30952]
  0x00000174a6eecd30 WatcherThread "VM Periodic Task Thread" [stack: 0x0000006758100000,0x0000006758200000] [id=12292]
  0x00000174a6f4a0e0 WorkerThread "GC Thread#0" [stack: 0x0000006757000000,0x0000006757100000] [id=32868]
  0x000001750b045b40 WorkerThread "GC Thread#1" [stack: 0x0000006758600000,0x0000006758700000] [id=20868]
  0x000001750b045e10 WorkerThread "GC Thread#2" [stack: 0x0000006758700000,0x0000006758800000] [id=25112]
  0x000001750b0460e0 WorkerThread "GC Thread#3" [stack: 0x0000006758800000,0x0000006758900000] [id=18864]
  0x00000174a6f5a670 ConcurrentGCThread "G1 Main Marker" [stack: 0x0000006757100000,0x0000006757200000] [id=22100]
  0x00000174a6f5c6b0 WorkerThread "G1 Conc#0" [stack: 0x0000006757200000,0x0000006757300000] [id=27548]
  0x00000174c4d4b500 ConcurrentGCThread "G1 Refine#0" [stack: 0x0000006757300000,0x0000006757400000] [id=33364]
  0x00000174c4d4e3d0 ConcurrentGCThread "G1 Service" [stack: 0x0000006757400000,0x0000006757500000] [id=20456]

Threads with active compile tasks:
C2 CompilerThread0    17417 2603   !   4       javax.swing.RepaintManager::addDirtyRegion0 (205 bytes)

VM state: not at safepoint (normal execution)

VM Mutex/Monitor currently owned by a thread: None

Heap address: 0x0000000084c00000, size: 1972 MB, Compressed Oops mode: 32-bit

CDS archive(s) mapped at: [0x00000174c5000000-0x00000174c5c60000-0x00000174c5c60000), size 12976128, SharedBaseAddress: 0x00000174c5000000, ArchiveRelocationMode: 1.
Compressed class space mapped at: 0x00000174c6000000-0x0000017506000000, reserved size: 1073741824
Narrow klass base: 0x00000174c5000000, Narrow klass shift: 0, Narrow klass range: 0x100000000

GC Precious Log:
 CardTable entry size: 512
 Card Set container configuration: InlinePtr #cards 5 size 8 Array Of Cards #cards 12 size 40 Howl #buckets 4 coarsen threshold 1843 Howl Bitmap #cards 512 size 80 coarsen threshold 460 Card regions per heap region 1 cards per card region 2048
 CPUs: 4 total, 4 available
 Memory: 7886M
 Large Page Support: Disabled
 NUMA Support: Disabled
 Compressed Oops: Enabled (32-bit)
 Heap Region Size: 1M
 Heap Min Capacity: 8M
 Heap Initial Capacity: 124M
 Heap Max Capacity: 1972M
 Pre-touch: Disabled
 Parallel Workers: 4
 Concurrent Workers: 1
 Concurrent Refinement Workers: 4
 Periodic GC: Disabled

Heap:
 garbage-first heap   total 126976K, used 17244K [0x0000000084c00000, 0x0000000100000000)
  region size 1024K, 13 young (13312K), 2 survivors (2048K)
 Metaspace       used 14308K, committed 14528K, reserved 1114112K
  class space    used 1516K, committed 1664K, reserved 1048576K

Heap Regions: E=young(eden), S=young(survivor), O=old, HS=humongous(starts), HC=humongous(continues), CS=collection set, F=free, OA=open archive, CA=closed archive, TAMS=top-at-mark-start, PB=parsable bottom
|   0|0x0000000084c00000, 0x0000000084d00000, 0x0000000084d00000|100%|HS|  |TAMS 0x0000000084c00000| PB 0x0000000084c00000| Complete 
|   1|0x0000000084d00000, 0x0000000084e00000, 0x0000000084e00000|100%|HS|  |TAMS 0x0000000084d00000| PB 0x0000000084d00000| Complete 
|   2|0x0000000084e00000, 0x0000000084f00000, 0x0000000084f00000|100%|HC|  |TAMS 0x0000000084e00000| PB 0x0000000084e00000| Complete 
|   3|0x0000000084f00000, 0x0000000085000000, 0x0000000085000000|100%|HC|  |TAMS 0x0000000084f00000| PB 0x0000000084f00000| Complete 
|   4|0x0000000085000000, 0x0000000085100000, 0x0000000085100000|100%|HC|  |TAMS 0x0000000085000000| PB 0x0000000085000000| Complete 
|   5|0x0000000085100000, 0x00000000851d7200, 0x0000000085200000| 84%| O|  |TAMS 0x0000000085100000| PB 0x0000000085100000| Untracked 
|   6|0x0000000085200000, 0x0000000085200000, 0x0000000085300000|  0%| F|  |TAMS 0x0000000085200000| PB 0x0000000085200000| Untracked 
|   7|0x0000000085300000, 0x0000000085300000, 0x0000000085400000|  0%| F|  |TAMS 0x0000000085300000| PB 0x0000000085300000| Untracked 
|   8|0x0000000085400000, 0x0000000085400000, 0x0000000085500000|  0%| F|  |TAMS 0x0000000085400000| PB 0x0000000085400000| Untracked 
|   9|0x0000000085500000, 0x0000000085500000, 0x0000000085600000|  0%| F|  |TAMS 0x0000000085500000| PB 0x0000000085500000| Untracked 
|  10|0x0000000085600000, 0x0000000085600000, 0x0000000085700000|  0%| F|  |TAMS 0x0000000085600000| PB 0x0000000085600000| Untracked 
|  11|0x0000000085700000, 0x0000000085700000, 0x0000000085800000|  0%| F|  |TAMS 0x0000000085700000| PB 0x0000000085700000| Untracked 
|  12|0x0000000085800000, 0x0000000085800000, 0x0000000085900000|  0%| F|  |TAMS 0x0000000085800000| PB 0x0000000085800000| Untracked 
|  13|0x0000000085900000, 0x0000000085900000, 0x0000000085a00000|  0%| F|  |TAMS 0x0000000085900000| PB 0x0000000085900000| Untracked 
|  14|0x0000000085a00000, 0x0000000085a00000, 0x0000000085b00000|  0%| F|  |TAMS 0x0000000085a00000| PB 0x0000000085a00000| Untracked 
|  15|0x0000000085b00000, 0x0000000085b00000, 0x0000000085c00000|  0%| F|  |TAMS 0x0000000085b00000| PB 0x0000000085b00000| Untracked 
|  16|0x0000000085c00000, 0x0000000085c00000, 0x0000000085d00000|  0%| F|  |TAMS 0x0000000085c00000| PB 0x0000000085c00000| Untracked 
|  17|0x0000000085d00000, 0x0000000085d00000, 0x0000000085e00000|  0%| F|  |TAMS 0x0000000085d00000| PB 0x0000000085d00000| Untracked 
|  18|0x0000000085e00000, 0x0000000085e00000, 0x0000000085f00000|  0%| F|  |TAMS 0x0000000085e00000| PB 0x0000000085e00000| Untracked 
|  19|0x0000000085f00000, 0x0000000085f00000, 0x0000000086000000|  0%| F|  |TAMS 0x0000000085f00000| PB 0x0000000085f00000| Untracked 
|  20|0x0000000086000000, 0x0000000086000000, 0x0000000086100000|  0%| F|  |TAMS 0x0000000086000000| PB 0x0000000086000000| Untracked 
|  21|0x0000000086100000, 0x0000000086100000, 0x0000000086200000|  0%| F|  |TAMS 0x0000000086100000| PB 0x0000000086100000| Untracked 
|  22|0x0000000086200000, 0x0000000086200000, 0x0000000086300000|  0%| F|  |TAMS 0x0000000086200000| PB 0x0000000086200000| Untracked 
|  23|0x0000000086300000, 0x0000000086300000, 0x0000000086400000|  0%| F|  |TAMS 0x0000000086300000| PB 0x0000000086300000| Untracked 
|  24|0x0000000086400000, 0x0000000086400000, 0x0000000086500000|  0%| F|  |TAMS 0x0000000086400000| PB 0x0000000086400000| Untracked 
|  25|0x0000000086500000, 0x0000000086500000, 0x0000000086600000|  0%| F|  |TAMS 0x0000000086500000| PB 0x0000000086500000| Untracked 
|  26|0x0000000086600000, 0x0000000086600000, 0x0000000086700000|  0%| F|  |TAMS 0x0000000086600000| PB 0x0000000086600000| Untracked 
|  27|0x0000000086700000, 0x0000000086700000, 0x0000000086800000|  0%| F|  |TAMS 0x0000000086700000| PB 0x0000000086700000| Untracked 
|  28|0x0000000086800000, 0x0000000086800000, 0x0000000086900000|  0%| F|  |TAMS 0x0000000086800000| PB 0x0000000086800000| Untracked 
|  29|0x0000000086900000, 0x0000000086900000, 0x0000000086a00000|  0%| F|  |TAMS 0x0000000086900000| PB 0x0000000086900000| Untracked 
|  30|0x0000000086a00000, 0x0000000086a00000, 0x0000000086b00000|  0%| F|  |TAMS 0x0000000086a00000| PB 0x0000000086a00000| Untracked 
|  31|0x0000000086b00000, 0x0000000086b00000, 0x0000000086c00000|  0%| F|  |TAMS 0x0000000086b00000| PB 0x0000000086b00000| Untracked 
|  32|0x0000000086c00000, 0x0000000086c00000, 0x0000000086d00000|  0%| F|  |TAMS 0x0000000086c00000| PB 0x0000000086c00000| Untracked 
|  33|0x0000000086d00000, 0x0000000086d00000, 0x0000000086e00000|  0%| F|  |TAMS 0x0000000086d00000| PB 0x0000000086d00000| Untracked 
|  34|0x0000000086e00000, 0x0000000086e00000, 0x0000000086f00000|  0%| F|  |TAMS 0x0000000086e00000| PB 0x0000000086e00000| Untracked 
|  35|0x0000000086f00000, 0x0000000086f00000, 0x0000000087000000|  0%| F|  |TAMS 0x0000000086f00000| PB 0x0000000086f00000| Untracked 
|  36|0x0000000087000000, 0x0000000087000000, 0x0000000087100000|  0%| F|  |TAMS 0x0000000087000000| PB 0x0000000087000000| Untracked 
|  37|0x0000000087100000, 0x0000000087100000, 0x0000000087200000|  0%| F|  |TAMS 0x0000000087100000| PB 0x0000000087100000| Untracked 
|  38|0x0000000087200000, 0x0000000087200000, 0x0000000087300000|  0%| F|  |TAMS 0x0000000087200000| PB 0x0000000087200000| Untracked 
|  39|0x0000000087300000, 0x0000000087300000, 0x0000000087400000|  0%| F|  |TAMS 0x0000000087300000| PB 0x0000000087300000| Untracked 
|  40|0x0000000087400000, 0x0000000087400000, 0x0000000087500000|  0%| F|  |TAMS 0x0000000087400000| PB 0x0000000087400000| Untracked 
|  41|0x0000000087500000, 0x0000000087500000, 0x0000000087600000|  0%| F|  |TAMS 0x0000000087500000| PB 0x0000000087500000| Untracked 
|  42|0x0000000087600000, 0x0000000087600000, 0x0000000087700000|  0%| F|  |TAMS 0x0000000087600000| PB 0x0000000087600000| Untracked 
|  43|0x0000000087700000, 0x0000000087700000, 0x0000000087800000|  0%| F|  |TAMS 0x0000000087700000| PB 0x0000000087700000| Untracked 
|  44|0x0000000087800000, 0x0000000087800000, 0x0000000087900000|  0%| F|  |TAMS 0x0000000087800000| PB 0x0000000087800000| Untracked 
|  45|0x0000000087900000, 0x0000000087900000, 0x0000000087a00000|  0%| F|  |TAMS 0x0000000087900000| PB 0x0000000087900000| Untracked 
|  46|0x0000000087a00000, 0x0000000087a00000, 0x0000000087b00000|  0%| F|  |TAMS 0x0000000087a00000| PB 0x0000000087a00000| Untracked 
|  47|0x0000000087b00000, 0x0000000087b00000, 0x0000000087c00000|  0%| F|  |TAMS 0x0000000087b00000| PB 0x0000000087b00000| Untracked 
|  48|0x0000000087c00000, 0x0000000087c00000, 0x0000000087d00000|  0%| F|  |TAMS 0x0000000087c00000| PB 0x0000000087c00000| Untracked 
|  49|0x0000000087d00000, 0x0000000087d00000, 0x0000000087e00000|  0%| F|  |TAMS 0x0000000087d00000| PB 0x0000000087d00000| Untracked 
|  50|0x0000000087e00000, 0x0000000087e00000, 0x0000000087f00000|  0%| F|  |TAMS 0x0000000087e00000| PB 0x0000000087e00000| Untracked 
|  51|0x0000000087f00000, 0x0000000087f00000, 0x0000000088000000|  0%| F|  |TAMS 0x0000000087f00000| PB 0x0000000087f00000| Untracked 
|  52|0x0000000088000000, 0x0000000088000000, 0x0000000088100000|  0%| F|  |TAMS 0x0000000088000000| PB 0x0000000088000000| Untracked 
|  53|0x0000000088100000, 0x0000000088100000, 0x0000000088200000|  0%| F|  |TAMS 0x0000000088100000| PB 0x0000000088100000| Untracked 
|  54|0x0000000088200000, 0x0000000088200000, 0x0000000088300000|  0%| F|  |TAMS 0x0000000088200000| PB 0x0000000088200000| Untracked 
|  55|0x0000000088300000, 0x0000000088300000, 0x0000000088400000|  0%| F|  |TAMS 0x0000000088300000| PB 0x0000000088300000| Untracked 
|  56|0x0000000088400000, 0x0000000088400000, 0x0000000088500000|  0%| F|  |TAMS 0x0000000088400000| PB 0x0000000088400000| Untracked 
|  57|0x0000000088500000, 0x0000000088500000, 0x0000000088600000|  0%| F|  |TAMS 0x0000000088500000| PB 0x0000000088500000| Untracked 
|  58|0x0000000088600000, 0x0000000088600000, 0x0000000088700000|  0%| F|  |TAMS 0x0000000088600000| PB 0x0000000088600000| Untracked 
|  59|0x0000000088700000, 0x0000000088700000, 0x0000000088800000|  0%| F|  |TAMS 0x0000000088700000| PB 0x0000000088700000| Untracked 
|  60|0x0000000088800000, 0x0000000088800000, 0x0000000088900000|  0%| F|  |TAMS 0x0000000088800000| PB 0x0000000088800000| Untracked 
|  61|0x0000000088900000, 0x0000000088900000, 0x0000000088a00000|  0%| F|  |TAMS 0x0000000088900000| PB 0x0000000088900000| Untracked 
|  62|0x0000000088a00000, 0x0000000088a00000, 0x0000000088b00000|  0%| F|  |TAMS 0x0000000088a00000| PB 0x0000000088a00000| Untracked 
|  63|0x0000000088b00000, 0x0000000088b00000, 0x0000000088c00000|  0%| F|  |TAMS 0x0000000088b00000| PB 0x0000000088b00000| Untracked 
|  64|0x0000000088c00000, 0x0000000088c00000, 0x0000000088d00000|  0%| F|  |TAMS 0x0000000088c00000| PB 0x0000000088c00000| Untracked 
|  65|0x0000000088d00000, 0x0000000088d00000, 0x0000000088e00000|  0%| F|  |TAMS 0x0000000088d00000| PB 0x0000000088d00000| Untracked 
|  66|0x0000000088e00000, 0x0000000088e00000, 0x0000000088f00000|  0%| F|  |TAMS 0x0000000088e00000| PB 0x0000000088e00000| Untracked 
|  67|0x0000000088f00000, 0x0000000088f00000, 0x0000000089000000|  0%| F|  |TAMS 0x0000000088f00000| PB 0x0000000088f00000| Untracked 
|  68|0x0000000089000000, 0x0000000089000000, 0x0000000089100000|  0%| F|  |TAMS 0x0000000089000000| PB 0x0000000089000000| Untracked 
|  69|0x0000000089100000, 0x0000000089100000, 0x0000000089200000|  0%| F|  |TAMS 0x0000000089100000| PB 0x0000000089100000| Untracked 
|  70|0x0000000089200000, 0x0000000089200000, 0x0000000089300000|  0%| F|  |TAMS 0x0000000089200000| PB 0x0000000089200000| Untracked 
|  71|0x0000000089300000, 0x0000000089300000, 0x0000000089400000|  0%| F|  |TAMS 0x0000000089300000| PB 0x0000000089300000| Untracked 
|  72|0x0000000089400000, 0x0000000089400000, 0x0000000089500000|  0%| F|  |TAMS 0x0000000089400000| PB 0x0000000089400000| Untracked 
|  73|0x0000000089500000, 0x0000000089500000, 0x0000000089600000|  0%| F|  |TAMS 0x0000000089500000| PB 0x0000000089500000| Untracked 
|  74|0x0000000089600000, 0x0000000089600000, 0x0000000089700000|  0%| F|  |TAMS 0x0000000089600000| PB 0x0000000089600000| Untracked 
|  75|0x0000000089700000, 0x0000000089700000, 0x0000000089800000|  0%| F|  |TAMS 0x0000000089700000| PB 0x0000000089700000| Untracked 
|  76|0x0000000089800000, 0x0000000089800000, 0x0000000089900000|  0%| F|  |TAMS 0x0000000089800000| PB 0x0000000089800000| Untracked 
|  77|0x0000000089900000, 0x0000000089900000, 0x0000000089a00000|  0%| F|  |TAMS 0x0000000089900000| PB 0x0000000089900000| Untracked 
|  78|0x0000000089a00000, 0x0000000089a00000, 0x0000000089b00000|  0%| F|  |TAMS 0x0000000089a00000| PB 0x0000000089a00000| Untracked 
|  79|0x0000000089b00000, 0x0000000089b00000, 0x0000000089c00000|  0%| F|  |TAMS 0x0000000089b00000| PB 0x0000000089b00000| Untracked 
|  80|0x0000000089c00000, 0x0000000089c00000, 0x0000000089d00000|  0%| F|  |TAMS 0x0000000089c00000| PB 0x0000000089c00000| Untracked 
|  81|0x0000000089d00000, 0x0000000089d00000, 0x0000000089e00000|  0%| F|  |TAMS 0x0000000089d00000| PB 0x0000000089d00000| Untracked 
|  82|0x0000000089e00000, 0x0000000089e00000, 0x0000000089f00000|  0%| F|  |TAMS 0x0000000089e00000| PB 0x0000000089e00000| Untracked 
|  83|0x0000000089f00000, 0x0000000089f00000, 0x000000008a000000|  0%| F|  |TAMS 0x0000000089f00000| PB 0x0000000089f00000| Untracked 
|  84|0x000000008a000000, 0x000000008a000000, 0x000000008a100000|  0%| F|  |TAMS 0x000000008a000000| PB 0x000000008a000000| Untracked 
|  85|0x000000008a100000, 0x000000008a100000, 0x000000008a200000|  0%| F|  |TAMS 0x000000008a100000| PB 0x000000008a100000| Untracked 
|  86|0x000000008a200000, 0x000000008a200000, 0x000000008a300000|  0%| F|  |TAMS 0x000000008a200000| PB 0x000000008a200000| Untracked 
|  87|0x000000008a300000, 0x000000008a300000, 0x000000008a400000|  0%| F|  |TAMS 0x000000008a300000| PB 0x000000008a300000| Untracked 
|  88|0x000000008a400000, 0x000000008a400000, 0x000000008a500000|  0%| F|  |TAMS 0x000000008a400000| PB 0x000000008a400000| Untracked 
|  89|0x000000008a500000, 0x000000008a500000, 0x000000008a600000|  0%| F|  |TAMS 0x000000008a500000| PB 0x000000008a500000| Untracked 
|  90|0x000000008a600000, 0x000000008a600000, 0x000000008a700000|  0%| F|  |TAMS 0x000000008a600000| PB 0x000000008a600000| Untracked 
|  91|0x000000008a700000, 0x000000008a700000, 0x000000008a800000|  0%| F|  |TAMS 0x000000008a700000| PB 0x000000008a700000| Untracked 
|  92|0x000000008a800000, 0x000000008a800000, 0x000000008a900000|  0%| F|  |TAMS 0x000000008a800000| PB 0x000000008a800000| Untracked 
|  93|0x000000008a900000, 0x000000008a900000, 0x000000008aa00000|  0%| F|  |TAMS 0x000000008a900000| PB 0x000000008a900000| Untracked 
|  94|0x000000008aa00000, 0x000000008aa00000, 0x000000008ab00000|  0%| F|  |TAMS 0x000000008aa00000| PB 0x000000008aa00000| Untracked 
|  95|0x000000008ab00000, 0x000000008ab00000, 0x000000008ac00000|  0%| F|  |TAMS 0x000000008ab00000| PB 0x000000008ab00000| Untracked 
|  96|0x000000008ac00000, 0x000000008ac00000, 0x000000008ad00000|  0%| F|  |TAMS 0x000000008ac00000| PB 0x000000008ac00000| Untracked 
|  97|0x000000008ad00000, 0x000000008ad00000, 0x000000008ae00000|  0%| F|  |TAMS 0x000000008ad00000| PB 0x000000008ad00000| Untracked 
|  98|0x000000008ae00000, 0x000000008ae00000, 0x000000008af00000|  0%| F|  |TAMS 0x000000008ae00000| PB 0x000000008ae00000| Untracked 
|  99|0x000000008af00000, 0x000000008af00000, 0x000000008b000000|  0%| F|  |TAMS 0x000000008af00000| PB 0x000000008af00000| Untracked 
| 100|0x000000008b000000, 0x000000008b000000, 0x000000008b100000|  0%| F|  |TAMS 0x000000008b000000| PB 0x000000008b000000| Untracked 
| 101|0x000000008b100000, 0x000000008b100000, 0x000000008b200000|  0%| F|  |TAMS 0x000000008b100000| PB 0x000000008b100000| Untracked 
| 102|0x000000008b200000, 0x000000008b200000, 0x000000008b300000|  0%| F|  |TAMS 0x000000008b200000| PB 0x000000008b200000| Untracked 
| 103|0x000000008b300000, 0x000000008b300000, 0x000000008b400000|  0%| F|  |TAMS 0x000000008b300000| PB 0x000000008b300000| Untracked 
| 104|0x000000008b400000, 0x000000008b400000, 0x000000008b500000|  0%| F|  |TAMS 0x000000008b400000| PB 0x000000008b400000| Untracked 
| 105|0x000000008b500000, 0x000000008b500000, 0x000000008b600000|  0%| F|  |TAMS 0x000000008b500000| PB 0x000000008b500000| Untracked 
| 106|0x000000008b600000, 0x000000008b600000, 0x000000008b700000|  0%| F|  |TAMS 0x000000008b600000| PB 0x000000008b600000| Untracked 
| 107|0x000000008b700000, 0x000000008b700000, 0x000000008b800000|  0%| F|  |TAMS 0x000000008b700000| PB 0x000000008b700000| Untracked 
| 108|0x000000008b800000, 0x000000008b800000, 0x000000008b900000|  0%| F|  |TAMS 0x000000008b800000| PB 0x000000008b800000| Untracked 
| 109|0x000000008b900000, 0x000000008ba00000, 0x000000008ba00000|100%| S|CS|TAMS 0x000000008b900000| PB 0x000000008b900000| Complete 
| 110|0x000000008ba00000, 0x000000008bb00000, 0x000000008bb00000|100%| S|CS|TAMS 0x000000008ba00000| PB 0x000000008ba00000| Complete 
| 111|0x000000008bb00000, 0x000000008bb00000, 0x000000008bc00000|  0%| F|  |TAMS 0x000000008bb00000| PB 0x000000008bb00000| Untracked 
| 112|0x000000008bc00000, 0x000000008bc00000, 0x000000008bd00000|  0%| F|  |TAMS 0x000000008bc00000| PB 0x000000008bc00000| Untracked 
| 113|0x000000008bd00000, 0x000000008bde8960, 0x000000008be00000| 90%| E|  |TAMS 0x000000008bd00000| PB 0x000000008bd00000| Complete 
| 114|0x000000008be00000, 0x000000008bf00000, 0x000000008bf00000|100%| E|CS|TAMS 0x000000008be00000| PB 0x000000008be00000| Complete 
| 115|0x000000008bf00000, 0x000000008c000000, 0x000000008c000000|100%| E|CS|TAMS 0x000000008bf00000| PB 0x000000008bf00000| Complete 
| 116|0x000000008c000000, 0x000000008c100000, 0x000000008c100000|100%| E|CS|TAMS 0x000000008c000000| PB 0x000000008c000000| Complete 
| 117|0x000000008c100000, 0x000000008c200000, 0x000000008c200000|100%| E|CS|TAMS 0x000000008c100000| PB 0x000000008c100000| Complete 
| 118|0x000000008c200000, 0x000000008c300000, 0x000000008c300000|100%| E|CS|TAMS 0x000000008c200000| PB 0x000000008c200000| Complete 
| 119|0x000000008c300000, 0x000000008c400000, 0x000000008c400000|100%| E|CS|TAMS 0x000000008c300000| PB 0x000000008c300000| Complete 
| 120|0x000000008c400000, 0x000000008c500000, 0x000000008c500000|100%| E|CS|TAMS 0x000000008c400000| PB 0x000000008c400000| Complete 
| 121|0x000000008c500000, 0x000000008c600000, 0x000000008c600000|100%| E|CS|TAMS 0x000000008c500000| PB 0x000000008c500000| Complete 
| 122|0x000000008c600000, 0x000000008c700000, 0x000000008c700000|100%| E|  |TAMS 0x000000008c600000| PB 0x000000008c600000| Complete 
| 123|0x000000008c700000, 0x000000008c800000, 0x000000008c800000|100%| E|CS|TAMS 0x000000008c700000| PB 0x000000008c700000| Complete 

Card table byte_map: [0x00000174c0240000,0x00000174c0620000] _byte_map_base: 0x00000174bfe1a000

Marking Bits: (CMBitMap*) 0x00000174a6f4a710
 Bits: [0x00000174c0a00000, 0x00000174c28d0000)

Polling page: 0x00000174a6fb0000

Metaspace:

Usage:
  Non-class:     12.49 MB used.
      Class:      1.48 MB used.
       Both:     13.97 MB used.

Virtual space:
  Non-class space:       64.00 MB reserved,      12.56 MB ( 20%) committed,  1 nodes.
      Class space:        1.00 GB reserved,       1.62 MB ( <1%) committed,  1 nodes.
             Both:        1.06 GB reserved,      14.19 MB (  1%) committed. 

Chunk freelists:
   Non-Class:  3.00 MB
       Class:  2.23 MB
        Both:  5.23 MB

MaxMetaspaceSize: unlimited
CompressedClassSpaceSize: 1.00 GB
Initial GC threshold: 21.00 MB
Current GC threshold: 21.00 MB
CDS: on
MetaspaceReclaimPolicy: balanced
 - commit_granule_bytes: 65536.
 - commit_granule_words: 8192.
 - virtual_space_node_default_size: 8388608.
 - enlarge_chunks_in_place: 1.
 - new_chunks_are_fully_committed: 0.
 - uncommit_free_chunks: 1.
 - use_allocation_guard: 0.


Internal statistics:

num_allocs_failed_limit: 0.
num_arena_births: 158.
num_arena_deaths: 0.
num_vsnodes_births: 2.
num_vsnodes_deaths: 0.
num_space_committed: 227.
num_space_uncommitted: 0.
num_chunks_returned_to_freelist: 0.
num_chunks_taken_from_freelist: 289.
num_chunk_merges: 0.
num_chunk_splits: 179.
num_chunks_enlarged: 98.
num_inconsistent_stats: 0.

CodeHeap 'non-profiled nmethods': size=120000Kb used=837Kb max_used=837Kb free=119162Kb
 bounds [0x00000174b8400000, 0x00000174b8670000, 0x00000174bf930000]
CodeHeap 'profiled nmethods': size=120000Kb used=5077Kb max_used=5077Kb free=114922Kb
 bounds [0x00000174b0930000, 0x00000174b0e30000, 0x00000174b7e60000]
CodeHeap 'non-nmethods': size=5760Kb used=1920Kb max_used=1945Kb free=3839Kb
 bounds [0x00000174b7e60000, 0x00000174b80d0000, 0x00000174b8400000]
 total_blobs=3345 nmethods=2612 adapters=642
 compilation: enabled
              stopped_count=0, restarted_count=0
 full_count=0

Compilation events (20 events):
Event: 17.206 Thread 0x00000174c4ec6c20 nmethod 2602 0x00000174b84cfe90 code [0x00000174b84d0020, 0x00000174b84d0580]
Event: 17.218 Thread 0x00000174c4ec6c20 2603   !   4       javax.swing.RepaintManager::addDirtyRegion0 (205 bytes)
Event: 17.218 Thread 0x000001750a130fe0 2604       1       javax.swing.JRootPane::getDefaultButton (5 bytes)
Event: 17.218 Thread 0x000001750a130fe0 nmethod 2604 0x00000174b84d0910 code [0x00000174b84d0a80, 0x00000174b84d0b50]
Event: 17.225 Thread 0x000001750a130fe0 2605   !   3       java.awt.Component::validate (98 bytes)
Event: 17.226 Thread 0x000001750a130fe0 nmethod 2605 0x00000174b0e21810 code [0x00000174b0e21a20, 0x00000174b0e224b8]
Event: 17.232 Thread 0x000001750a130fe0 2606       1       java.awt.Window::getTemporaryLostComponent (5 bytes)
Event: 17.232 Thread 0x000001750a130fe0 nmethod 2606 0x00000174b84d0c10 code [0x00000174b84d0d80, 0x00000174b84d0e50]
Event: 17.238 Thread 0x000001750a130fe0 2607       1       sun.awt.Win32GraphicsDevice::getIDstring (5 bytes)
Event: 17.238 Thread 0x000001750a130fe0 nmethod 2607 0x00000174b84d0f10 code [0x00000174b84d1080, 0x00000174b84d1148]
Event: 17.238 Thread 0x000001750a130fe0 2608   !   3       java.awt.Container::increaseComponentCount (124 bytes)
Event: 17.238 Thread 0x000001750a130fe0 nmethod 2608 0x00000174b0e22890 code [0x00000174b0e22ac0, 0x00000174b0e236b0]
Event: 17.239 Thread 0x000001750a130fe0 2609       1       javax.swing.plaf.metal.MetalComboBoxIcon::getIconHeight (2 bytes)
Event: 17.239 Thread 0x000001750a130fe0 nmethod 2609 0x00000174b84d1210 code [0x00000174b84d1380, 0x00000174b84d1448]
Event: 17.252 Thread 0x000001750a130fe0 2610       3       java.awt.Container::countHierarchyMembers (77 bytes)
Event: 17.253 Thread 0x000001750a130fe0 nmethod 2610 0x00000174b0e23b10 code [0x00000174b0e23d40, 0x00000174b0e24668]
Event: 17.253 Thread 0x000001750a130fe0 2611       3       java.awt.Window::adjustDescendantsOnParent (1 bytes)
Event: 17.253 Thread 0x000001750a130fe0 nmethod 2611 0x00000174b0e24910 code [0x00000174b0e24aa0, 0x00000174b0e24bb0]
Event: 17.372 Thread 0x000001750a130fe0 2613       3       java.awt.Component::processMouseWheelEvent (40 bytes)
Event: 17.372 Thread 0x000001750a130fe0 nmethod 2613 0x00000174b0e24c10 code [0x00000174b0e24da0, 0x00000174b0e25098]

GC Heap History (2 events):
Event: 5.422 GC heap before
{Heap before GC invocations=0 (full 0):
 garbage-first heap   total 126976K, used 18432K [0x0000000084c00000, 0x0000000100000000)
  region size 1024K, 13 young (13312K), 0 survivors (0K)
 Metaspace       used 10552K, committed 10688K, reserved 1114112K
  class space    used 1205K, committed 1280K, reserved 1048576K
}
Event: 5.427 GC heap after
{Heap after GC invocations=1 (full 0):
 garbage-first heap   total 126976K, used 8028K [0x0000000084c00000, 0x0000000100000000)
  region size 1024K, 2 young (2048K), 2 survivors (2048K)
 Metaspace       used 10552K, committed 10688K, reserved 1114112K
  class space    used 1205K, committed 1280K, reserved 1048576K
}

Dll operation events (10 events):
Event: 0.024 Loaded shared library C:\Program Files\Java\jdk-20\bin\java.dll
Event: 0.071 Loaded shared library C:\Program Files\Java\jdk-20\bin\jsvml.dll
Event: 0.191 Loaded shared library C:\Program Files\Java\jdk-20\bin\net.dll
Event: 0.194 Loaded shared library C:\Program Files\Java\jdk-20\bin\nio.dll
Event: 0.202 Loaded shared library C:\Program Files\Java\jdk-20\bin\zip.dll
Event: 0.615 Loaded shared library C:\Program Files\Java\jdk-20\bin\jimage.dll
Event: 0.619 Loaded shared library C:\Program Files\Java\jdk-20\bin\awt.dll
Event: 3.825 Loaded shared library C:\Program Files\Java\jdk-20\bin\freetype.dll
Event: 3.826 Loaded shared library C:\Program Files\Java\jdk-20\bin\fontmanager.dll
Event: 5.236 Loaded shared library C:\Program Files\Java\jdk-20\bin\verify.dll

Deoptimization events (20 events):
Event: 5.839 Thread 0x000001750a50cc20 DEOPT PACKING pc=0x00000174b84525fc sp=0x00000067585fc6e0
Event: 5.839 Thread 0x000001750a50cc20 DEOPT UNPACKING pc=0x00000174b7e7d2a2 sp=0x00000067585fc678 mode 2
Event: 5.953 Thread 0x000001750a50cc20 DEOPT PACKING pc=0x00000174b0a4c92e sp=0x00000067585fcba0
Event: 5.953 Thread 0x000001750a50cc20 DEOPT UNPACKING pc=0x00000174b7ece462 sp=0x00000067585fc018 mode 0
Event: 12.553 Thread 0x000001750a50cc20 Uncommon trap: trap_request=0xffffff45 fr.pc=0x00000174b84aeb80 relative=0x0000000000000200
Event: 12.553 Thread 0x000001750a50cc20 Uncommon trap: reason=unstable_if action=reinterpret pc=0x00000174b84aeb80 method=java.awt.geom.Rectangle2D.intersects(DDDD)Z @ 64 c2
Event: 12.553 Thread 0x000001750a50cc20 DEOPT PACKING pc=0x00000174b84aeb80 sp=0x00000067585fd810
Event: 12.553 Thread 0x000001750a50cc20 DEOPT UNPACKING pc=0x00000174b7e7d2a2 sp=0x00000067585fd768 mode 2
Event: 12.555 Thread 0x000001750a50cc20 Uncommon trap: trap_request=0xffffff45 fr.pc=0x00000174b84b4310 relative=0x0000000000000090
Event: 12.555 Thread 0x000001750a50cc20 Uncommon trap: reason=unstable_if action=reinterpret pc=0x00000174b84b4310 method=java.awt.Component.isShowing()Z @ 4 c2
Event: 12.555 Thread 0x000001750a50cc20 DEOPT PACKING pc=0x00000174b84b4310 sp=0x00000067585fcaf0
Event: 12.555 Thread 0x000001750a50cc20 DEOPT UNPACKING pc=0x00000174b7e7d2a2 sp=0x00000067585fca70 mode 2
Event: 12.555 Thread 0x000001750a50cc20 Uncommon trap: trap_request=0xffffff45 fr.pc=0x00000174b84b4334 relative=0x00000000000000b4
Event: 12.555 Thread 0x000001750a50cc20 Uncommon trap: reason=unstable_if action=reinterpret pc=0x00000174b84b4334 method=java.awt.Component.isShowing()Z @ 27 c2
Event: 12.555 Thread 0x000001750a50cc20 DEOPT PACKING pc=0x00000174b84b4334 sp=0x00000067585fcb10
Event: 12.555 Thread 0x000001750a50cc20 DEOPT UNPACKING pc=0x00000174b7e7d2a2 sp=0x00000067585fca90 mode 2
Event: 15.399 Thread 0x000001750a50cc20 Uncommon trap: trap_request=0xffffff45 fr.pc=0x00000174b84b9d60 relative=0x0000000000000240
Event: 15.399 Thread 0x000001750a50cc20 Uncommon trap: reason=unstable_if action=reinterpret pc=0x00000174b84b9d60 method=sun.java2d.pipe.Region.isInsideXYXY(IIII)Z @ 30 c2
Event: 15.399 Thread 0x000001750a50cc20 DEOPT PACKING pc=0x00000174b84b9d60 sp=0x00000067585fdbd0
Event: 15.399 Thread 0x000001750a50cc20 DEOPT UNPACKING pc=0x00000174b7e7d2a2 sp=0x00000067585fd920 mode 2

Classes loaded (20 events):
Event: 6.881 Loading class javax/swing/JInternalFrame
Event: 6.882 Loading class javax/swing/JInternalFrame done
Event: 6.883 Loading class javax/swing/RepaintManager$3
Event: 6.883 Loading class javax/swing/RepaintManager$3 done
Event: 6.894 Loading class javax/swing/plaf/metal/MetalUtils$GradientPainter
Event: 6.895 Loading class javax/swing/plaf/metal/MetalUtils$GradientPainter done
Event: 6.895 Loading class sun/swing/ImageCache$Entry
Event: 6.895 Loading class sun/swing/ImageCache$Entry done
Event: 6.895 Loading class java/awt/GradientPaintContext
Event: 6.896 Loading class java/awt/GradientPaintContext done
Event: 6.898 Loading class java/awt/Polygon$PolygonPathIterator
Event: 6.898 Loading class java/awt/Polygon$PolygonPathIterator done
Event: 6.899 Loading class sun/java2d/loops/MaskBlit$General
Event: 6.899 Loading class sun/java2d/loops/GraphicsPrimitive$GeneralBinaryOp
Event: 6.899 Loading class sun/java2d/loops/GraphicsPrimitive$GeneralBinaryOp done
Event: 6.899 Loading class sun/java2d/loops/MaskBlit$General done
Event: 10.140 Loading class java/awt/geom/Ellipse2D$Float
Event: 10.140 Loading class java/awt/geom/Ellipse2D$Float done
Event: 12.550 Loading class java/awt/geom/Arc2D$Float
Event: 12.550 Loading class java/awt/geom/Arc2D$Float done

Classes unloaded (0 events):
No events

Classes redefined (0 events):
No events

Internal exceptions (20 events):
Event: 0.508 Thread 0x00000174a6eec2c0 Exception <a 'java/lang/ClassNotFoundException'{0x000000008c4bc760}: sun/awt/resources/spi/awtProvider> (0x000000008c4bc760) 
thrown [s\open\src\hotspot\share\classfile\systemDictionary.cpp, line 305]
Event: 0.674 Thread 0x00000174a6eec2c0 Exception <a 'java/io/FileNotFoundException'{0x000000008c3149e8}> (0x000000008c3149e8) 
thrown [s\open\src\hotspot\share\prims\jni.cpp, line 519]
Event: 0.752 Thread 0x00000174a6eec2c0 Exception <a 'java/io/FileNotFoundException'{0x000000008c33eb38}> (0x000000008c33eb38) 
thrown [s\open\src\hotspot\share\prims\jni.cpp, line 519]
Event: 0.924 Thread 0x00000174a6eec2c0 Exception <a 'java/lang/NoSuchMethodError'{0x000000008c282868}: 'void java.lang.invoke.DirectMethodHandle$Holder.invokeSpecial(java.lang.Object, java.lang.Object, java.lang.Object)'> (0x000000008c282868) 
thrown [s\open\src\hotspot\share\interpreter\linkResolver.cpp, line 773]
Event: 0.933 Thread 0x00000174a6eec2c0 Exception <a 'java/lang/NoSuchMethodError'{0x000000008c2ad5c0}: 'java.lang.Object java.lang.invoke.DirectMethodHandle$Holder.newInvokeSpecial(java.lang.Object, java.lang.Object, java.lang.Object, java.lang.Object, java.lang.Object)'> (0x000000008c2ad5c0) 
thrown [s\open\src\hotspot\share\interpreter\linkResolver.cpp, line 773]
Event: 0.939 Thread 0x00000174a6eec2c0 Exception <a 'java/lang/NoSuchMethodError'{0x000000008c2de080}: 'java.lang.Object java.lang.invoke.DirectMethodHandle$Holder.invokeStatic(java.lang.Object, int, java.lang.Object)'> (0x000000008c2de080) 
thrown [s\open\src\hotspot\share\interpreter\linkResolver.cpp, line 773]
Event: 0.963 Thread 0x00000174a6eec2c0 Exception <a 'java/lang/ClassNotFoundException'{0x000000008c198d50}: com/sun/swing/internal/plaf/metal/resources/spi/metalProvider> (0x000000008c198d50) 
thrown [s\open\src\hotspot\share\classfile\systemDictionary.cpp, line 305]
Event: 0.964 Thread 0x00000174a6eec2c0 Exception <a 'java/lang/ClassNotFoundException'{0x000000008c19ccb0}: com/sun/swing/internal/plaf/basic/resources/spi/basicProvider> (0x000000008c19ccb0) 
thrown [s\open\src\hotspot\share\classfile\systemDictionary.cpp, line 305]
Event: 0.970 Thread 0x00000174a6eec2c0 Implicit null exception at 0x00000174b8427946 to 0x00000174b84279da
Event: 0.996 Thread 0x00000174a6eec2c0 Exception <a 'java/lang/NoSuchMethodError'{0x000000008c1bbdf8}: 'int java.lang.invoke.Invokers$Holder.invokeExact_MT(java.lang.Object, java.lang.Object)'> (0x000000008c1bbdf8) 
thrown [s\open\src\hotspot\share\interpreter\linkResolver.cpp, line 773]
Event: 1.024 Thread 0x000001750a50e2f0 Exception <a 'java/lang/NoSuchMethodError'{0x000000008c1d8c68}: 'java.lang.Object java.lang.invoke.DirectMethodHandle$Holder.newInvokeSpecial(java.lang.Object, java.lang.Object, java.lang.Object, int, int, int, int, int)'> (0x000000008c1d8c68) 
thrown [s\open\src\hotspot\share\interpreter\linkResolver.cpp, line 773]
Event: 3.789 Thread 0x00000174a6eec2c0 Implicit null exception at 0x00000174b841641d to 0x00000174b8416499
Event: 3.819 Thread 0x00000174a6eec2c0 Exception <a 'java/lang/NoSuchMethodError'{0x000000008c0a8bb8}: 'void java.lang.invoke.DirectMethodHandle$Holder.invokeStaticInit(java.lang.Object)'> (0x000000008c0a8bb8) 
thrown [s\open\src\hotspot\share\interpreter\linkResolver.cpp, line 773]
Event: 3.881 Thread 0x000001750a463840 Exception <a 'java/lang/NoSuchMethodError'{0x000000008c210480}: 'void java.lang.invoke.DirectMethodHandle$Holder.invokeVirtual(java.lang.Object, java.lang.Object)'> (0x000000008c210480) 
thrown [s\open\src\hotspot\share\interpreter\linkResolver.cpp, line 773]
Event: 3.922 Thread 0x000001750a50cc20 Exception <a 'java/io/FileNotFoundException'{0x000000008bfc4f38}> (0x000000008bfc4f38) 
thrown [s\open\src\hotspot\share\prims\jni.cpp, line 519]
Event: 3.939 Thread 0x000001750a50cc20 Exception <a 'java/io/FileNotFoundException'{0x000000008bfe77a8}> (0x000000008bfe77a8) 
thrown [s\open\src\hotspot\share\prims\jni.cpp, line 519]
Event: 5.287 Thread 0x000001750a50cc20 Exception <a 'java/lang/NoSuchMethodError'{0x000000008bc323f8}: 'java.lang.Object java.lang.invoke.DirectMethodHandle$Holder.invokeInterface(java.lang.Object, java.lang.Object)'> (0x000000008bc323f8) 
thrown [s\open\src\hotspot\share\interpreter\linkResolver.cpp, line 773]
Event: 5.470 Thread 0x000001750a50cc20 Exception <a 'java/lang/NoSuchMethodError'{0x000000008c74b5b8}: 'void java.lang.invoke.DirectMethodHandle$Holder.invokeStatic(java.lang.Object, java.lang.Object, java.lang.Object)'> (0x000000008c74b5b8) 
thrown [s\open\src\hotspot\share\interpreter\linkResolver.cpp, line 773]
Event: 5.471 Thread 0x000001750a50cc20 Exception <a 'java/lang/NoSuchMethodError'{0x000000008c751a80}: 'void java.lang.invoke.DirectMethodHandle$Holder.invokeStatic(java.lang.Object, java.lang.Object)'> (0x000000008c751a80) 
thrown [s\open\src\hotspot\share\interpreter\linkResolver.cpp, line 773]
Event: 5.601 Thread 0x000001750a50cc20 Implicit null exception at 0x00000174b846cdf7 to 0x00000174b846e388

VM Operations (20 events):
Event: 7.911 Executing VM operation: Cleanup
Event: 7.911 Executing VM operation: Cleanup done
Event: 8.923 Executing VM operation: Cleanup
Event: 8.923 Executing VM operation: Cleanup done
Event: 9.932 Executing VM operation: Cleanup
Event: 9.932 Executing VM operation: Cleanup done
Event: 10.933 Executing VM operation: Cleanup
Event: 10.933 Executing VM operation: Cleanup done
Event: 11.933 Executing VM operation: Cleanup
Event: 11.933 Executing VM operation: Cleanup done
Event: 12.941 Executing VM operation: Cleanup
Event: 12.941 Executing VM operation: Cleanup done
Event: 13.957 Executing VM operation: Cleanup
Event: 13.957 Executing VM operation: Cleanup done
Event: 14.972 Executing VM operation: Cleanup
Event: 14.972 Executing VM operation: Cleanup done
Event: 15.984 Executing VM operation: Cleanup
Event: 15.984 Executing VM operation: Cleanup done
Event: 16.996 Executing VM operation: Cleanup
Event: 16.996 Executing VM operation: Cleanup done

Events (20 events):
Event: 0.098 Thread 0x00000174c4ec4510 Thread added: 0x00000174c4ec4510
Event: 0.098 Thread 0x00000174c4ec6c20 Thread added: 0x00000174c4ec6c20
Event: 0.102 Thread 0x000001750a130fe0 Thread added: 0x000001750a130fe0
Event: 0.171 Thread 0x00000174c4e808f0 Thread added: 0x00000174c4e808f0
Event: 0.409 Thread 0x000001750a1e74d0 Thread added: 0x000001750a1e74d0
Event: 0.415 Thread 0x000001750a2fad60 Thread added: 0x000001750a2fad60
Event: 0.609 Thread 0x000001750a1e74d0 Thread exited: 0x000001750a1e74d0
Event: 0.855 Thread 0x000001750a462820 Thread added: 0x000001750a462820
Event: 0.858 Thread 0x000001750a4632f0 Thread added: 0x000001750a4632f0
Event: 0.866 Thread 0x000001750a463840 Thread added: 0x000001750a463840
Event: 1.001 Thread 0x000001750a50e2f0 Thread added: 0x000001750a50e2f0
Event: 3.756 Thread 0x000001750a4632f0 Thread exited: 0x000001750a4632f0
Event: 3.797 Thread 0x000001750ae962c0 Thread added: 0x000001750ae962c0
Event: 3.805 Thread 0x000001750a50cc20 Thread added: 0x000001750a50cc20
Event: 3.888 Thread 0x00000174a6eec2c0 Thread exited: 0x00000174a6eec2c0
Event: 3.888 Thread 0x00000174a6eec2c0 Thread added: 0x00000174a6eec2c0
Event: 5.442 Thread 0x000001750b0b1f30 Thread added: 0x000001750b0b1f30
Event: 5.951 Thread 0x000001750a284c30 Thread added: 0x000001750a284c30
Event: 6.219 Thread 0x000001750a284c30 Thread exited: 0x000001750a284c30
Event: 8.799 Thread 0x000001750a50e2f0 Thread exited: 0x000001750a50e2f0


Dynamic libraries:
0x00007ff77f840000 - 0x00007ff77f850000 	C:\Program Files\Java\jdk-20\bin\javaw.exe
0x00007ffbda540000 - 0x00007ffbda7a6000 	C:\WINDOWS\SYSTEM32\ntdll.dll
0x00007ffbd93b0000 - 0x00007ffbd9479000 	C:\WINDOWS\System32\KERNEL32.DLL
0x00007ffbd7ea0000 - 0x00007ffbd826c000 	C:\WINDOWS\System32\KERNELBASE.dll
0x00007ffbd7b30000 - 0x00007ffbd7c7b000 	C:\WINDOWS\System32\ucrtbase.dll
0x00007ffbc53e0000 - 0x00007ffbc53f9000 	C:\Program Files\Java\jdk-20\bin\jli.dll
0x00007ffbd9530000 - 0x00007ffbd95e2000 	C:\WINDOWS\System32\ADVAPI32.dll
0x00007ffbd9480000 - 0x00007ffbd9529000 	C:\WINDOWS\System32\msvcrt.dll
0x00007ffbd9fb0000 - 0x00007ffbda056000 	C:\WINDOWS\System32\sechost.dll
0x00007ffbd9970000 - 0x00007ffbd9a86000 	C:\WINDOWS\System32\RPCRT4.dll
0x00007ffbd97a0000 - 0x00007ffbd996a000 	C:\WINDOWS\System32\USER32.dll
0x00007ffbd7790000 - 0x00007ffbd77b7000 	C:\WINDOWS\System32\win32u.dll
0x00007ffbda350000 - 0x00007ffbda37b000 	C:\WINDOWS\System32\GDI32.dll
0x00007ffbd79f0000 - 0x00007ffbd7b22000 	C:\WINDOWS\System32\gdi32full.dll
0x00007ffbd7940000 - 0x00007ffbd79e3000 	C:\WINDOWS\System32\msvcp_win.dll
0x00007ffbc0ed0000 - 0x00007ffbc0eeb000 	C:\Program Files\Java\jdk-20\bin\VCRUNTIME140.dll
0x00007ffbbb730000 - 0x00007ffbbb9ca000 	C:\WINDOWS\WinSxS\amd64_microsoft.windows.common-controls_6595b64144ccf1df_6.0.26100.3912_none_3e07963ce335137e\COMCTL32.dll
0x00007ffbc5e50000 - 0x00007ffbc5e5b000 	C:\WINDOWS\SYSTEM32\VERSION.dll
0x00007ffbd8ef0000 - 0x00007ffbd8f20000 	C:\WINDOWS\System32\IMM32.DLL
0x00007ffbc5af0000 - 0x00007ffbc5afc000 	C:\Program Files\Java\jdk-20\bin\vcruntime140_1.dll
0x00007ffbb20d0000 - 0x00007ffbb215e000 	C:\Program Files\Java\jdk-20\bin\msvcp140.dll
0x00007ffb6b940000 - 0x00007ffb6c5d8000 	C:\Program Files\Java\jdk-20\bin\server\jvm.dll
0x00007ffb57180000 - 0x00007ffb5718a000 	C:\WINDOWS\SYSTEM32\WSOCK32.dll
0x00007ffbd9a90000 - 0x00007ffbd9b04000 	C:\WINDOWS\System32\WS2_32.dll
0x00007ffbcf360000 - 0x00007ffbcf396000 	C:\WINDOWS\SYSTEM32\WINMM.dll
0x00007ffbd6490000 - 0x00007ffbd64aa000 	C:\WINDOWS\SYSTEM32\kernel.appcore.dll
0x00007ffbc5ab0000 - 0x00007ffbc5aba000 	C:\Program Files\Java\jdk-20\bin\jimage.dll
0x00007ffbd4cc0000 - 0x00007ffbd4f01000 	C:\WINDOWS\SYSTEM32\DBGHELP.DLL
0x00007ffbd8300000 - 0x00007ffbd8684000 	C:\WINDOWS\System32\combase.dll
0x00007ffbd8f30000 - 0x00007ffbd9010000 	C:\WINDOWS\System32\OLEAUT32.dll
0x00007ffbb4180000 - 0x00007ffbb41b9000 	C:\WINDOWS\SYSTEM32\dbgcore.DLL
0x00007ffbd7e00000 - 0x00007ffbd7e99000 	C:\WINDOWS\System32\bcryptPrimitives.dll
0x00007ffbc0e70000 - 0x00007ffbc0e96000 	C:\Program Files\Java\jdk-20\bin\java.dll
0x00007ffba4d80000 - 0x00007ffba4e57000 	C:\Program Files\Java\jdk-20\bin\jsvml.dll
0x00007ffbd87c0000 - 0x00007ffbd8eed000 	C:\WINDOWS\System32\SHELL32.dll
0x00007ffbd7c80000 - 0x00007ffbd7df4000 	C:\WINDOWS\System32\wintypes.dll
0x00007ffbd5320000 - 0x00007ffbd5b76000 	C:\WINDOWS\SYSTEM32\windows.storage.dll
0x00007ffbd86c0000 - 0x00007ffbd87af000 	C:\WINDOWS\System32\SHCORE.dll
0x00007ffbda260000 - 0x00007ffbda2c9000 	C:\WINDOWS\System32\shlwapi.dll
0x00007ffbd75e0000 - 0x00007ffbd760f000 	C:\WINDOWS\SYSTEM32\profapi.dll
0x00007ffbb42b0000 - 0x00007ffbb42c3000 	C:\Program Files\Java\jdk-20\bin\net.dll
0x00007ffbc87d0000 - 0x00007ffbc88ee000 	C:\WINDOWS\SYSTEM32\WINHTTP.dll
0x00007ffbd6a00000 - 0x00007ffbd6a6a000 	C:\WINDOWS\system32\mswsock.dll
0x00007ffbb2640000 - 0x00007ffbb2656000 	C:\Program Files\Java\jdk-20\bin\nio.dll
0x00007ffbb23b0000 - 0x00007ffbb23c8000 	C:\Program Files\Java\jdk-20\bin\zip.dll
0x00007ffba3b80000 - 0x00007ffba3d11000 	C:\Program Files\Java\jdk-20\bin\awt.dll
0x00007ffbd4180000 - 0x00007ffbd421e000 	C:\WINDOWS\SYSTEM32\apphelp.dll
0x00007ffbd46d0000 - 0x00007ffbd4706000 	C:\WINDOWS\system32\DWMAPI.DLL
0x00007ffbd4360000 - 0x00007ffbd440f000 	C:\WINDOWS\system32\uxtheme.dll
0x00007ffb9eb20000 - 0x00007ffb9ec2c000 	C:\WINDOWS\system32\opengl32.dll
0x00007ffba22f0000 - 0x00007ffba231d000 	C:\WINDOWS\SYSTEM32\GLU32.dll
0x00007ffbd4680000 - 0x00007ffbd46c7000 	C:\WINDOWS\SYSTEM32\dxcore.dll
0x00007ffbda060000 - 0x00007ffbda1bf000 	C:\WINDOWS\System32\MSCTF.dll
0x00007ffbd95f0000 - 0x00007ffbd978f000 	C:\WINDOWS\System32\ole32.dll
0x00007ffba6dd0000 - 0x00007ffba6e56000 	C:\Program Files\Java\jdk-20\bin\freetype.dll
0x00007ffba4ca0000 - 0x00007ffba4d73000 	C:\Program Files\Java\jdk-20\bin\fontmanager.dll
0x00007ffbbd1b0000 - 0x00007ffbbd2fd000 	C:\WINDOWS\SYSTEM32\textinputframework.dll
0x00007ffbd3ef0000 - 0x00007ffbd4016000 	C:\WINDOWS\SYSTEM32\CoreMessaging.dll
0x00007ffbd16a0000 - 0x00007ffbd1983000 	C:\WINDOWS\SYSTEM32\CoreUIComponents.dll
0x00007ffbd6cc0000 - 0x00007ffbd6ccc000 	C:\WINDOWS\SYSTEM32\CRYPTBASE.DLL
0x00007ffbc53d0000 - 0x00007ffbc53e0000 	C:\Program Files\Java\jdk-20\bin\verify.dll
0x00007ffbd9020000 - 0x00007ffbd90c8000 	C:\WINDOWS\System32\clbcatq.dll
0x00007ffbd2990000 - 0x00007ffbd2bca000 	C:\WINDOWS\SYSTEM32\WindowsCodecs.dll
0x00007ffb9cf70000 - 0x00007ffb9cfca000 	C:\WINDOWS\system32\dataexchange.dll
0x00007ffbc7860000 - 0x00007ffbc7a9c000 	C:\WINDOWS\system32\twinapi.appcore.dll
0x00007ffb9e320000 - 0x00007ffb9e39b000 	C:\WINDOWS\system32\Ninput.dll

dbghelp: loaded successfully - version: 4.0.5 - missing functions: none
symbol engine: initialized successfully - sym options: 0x614 - pdb path: .;C:\Program Files\Java\jdk-20\bin;C:\WINDOWS\SYSTEM32;C:\WINDOWS\WinSxS\amd64_microsoft.windows.common-controls_6595b64144ccf1df_6.0.26100.3912_none_3e07963ce335137e;C:\Program Files\Java\jdk-20\bin\server

VM Arguments:
jvm_args: --module-path=C:\Users\hitar\OneDrive\Desktop\ICS3U1-08\lib -Dfile.encoding=UTF-8 -XX:+ShowCodeDetailsInExceptionMessages 
java_command: application.CrimeSightApplication
java_class_path (initial): C:\Users\hitar\OneDrive\Desktop\ICS3U1-08\SDP #2 - Group #5 - Crime Sight Ontario\bin;C:\Users\hitar\OneDrive\Desktop\ICS3U1-08\lib\itext-2.0.6.jar;C:\Users\hitar\OneDrive\Desktop\ICS3U1-08\lib\jcommon-1.0.12.jar;C:\Users\hitar\OneDrive\Desktop\ICS3U1-08\lib\jfreechart-1.0.9.jar;C:\Users\hitar\OneDrive\Desktop\ICS3U1-08\lib\junit.jar;C:\Users\hitar\OneDrive\Desktop\ICS3U1-08\lib\servlet.jar;C:\Users\hitar\OneDrive\Desktop\ICS3U1-08\lib\swtgraphics2d.jar
Launcher Type: SUN_STANDARD

[Global flags]
     intx CICompilerCount                          = 3                                         {product} {ergonomic}
     uint ConcGCThreads                            = 1                                         {product} {ergonomic}
     uint G1ConcRefinementThreads                  = 4                                         {product} {ergonomic}
   size_t G1HeapRegionSize                         = 1048576                                   {product} {ergonomic}
    uintx GCDrainStackTargetSize                   = 64                                        {product} {ergonomic}
   size_t InitialHeapSize                          = 130023424                                 {product} {ergonomic}
   size_t MarkStackSize                            = 4194304                                   {product} {ergonomic}
   size_t MaxHeapSize                              = 2067791872                                {product} {ergonomic}
   size_t MaxNewSize                               = 1240465408                                {product} {ergonomic}
   size_t MinHeapDeltaBytes                        = 1048576                                   {product} {ergonomic}
   size_t MinHeapSize                              = 8388608                                   {product} {ergonomic}
    uintx NonNMethodCodeHeapSize                   = 5832780                                {pd product} {ergonomic}
    uintx NonProfiledCodeHeapSize                  = 122912730                              {pd product} {ergonomic}
    uintx ProfiledCodeHeapSize                     = 122912730                              {pd product} {ergonomic}
    uintx ReservedCodeCacheSize                    = 251658240                              {pd product} {ergonomic}
     bool SegmentedCodeCache                       = true                                      {product} {ergonomic}
     bool ShowCodeDetailsInExceptionMessages       = true                                   {manageable} {command line}
   size_t SoftMaxHeapSize                          = 2067791872                             {manageable} {ergonomic}
     bool UseCompressedClassPointers               = true                           {product lp64_product} {ergonomic}
     bool UseCompressedOops                        = true                           {product lp64_product} {ergonomic}
     bool UseG1GC                                  = true                                      {product} {ergonomic}
     bool UseLargePagesIndividualAllocation        = false                                  {pd product} {ergonomic}

Logging:
Log output configuration:
 #0: stdout all=warning uptime,level,tags foldmultilines=false
 #1: stderr all=off uptime,level,tags foldmultilines=false

Environment Variables:
PATH=C:\Program Files (x86)\Common Files\Intel\Shared Libraries\redist\intel64\compiler;C:\Program Files\Common Files\Oracle\Java\javapath;C:\WINDOWS\system32;C:\WINDOWS;C:\WINDOWS\System32\Wbem;C:\WINDOWS\System32\WindowsPowerShell\v1.0\;C:\WINDOWS\System32\OpenSSH\;C:\Program Files (x86)\Windows Kits\10\Windows Performance Toolkit\;C:\Program Files\dotnet\;C:\Users\hitar\AppData\Local\Programs\Python\Python312\Scripts\;C:\Users\hitar\AppData\Local\Programs\Python\Python312\;C:\Users\hitar\AppData\Local\Programs\Python\Launcher\;C:\Users\hitar\AppData\Local\Microsoft\WindowsApps;;C:\Program Files\JetBrains\PyCharm 2024.2\bin;;C:\Program Files\JetBrains\PyCharm Community Edition 2024.2\bin;
USERNAME=Hitarth
OS=Windows_NT
PROCESSOR_IDENTIFIER=Intel64 Family 6 Model 140 Stepping 1, GenuineIntel
TMP=C:\Users\hitar\AppData\Local\Temp
TEMP=C:\Users\hitar\AppData\Local\Temp




---------------  S Y S T E M  ---------------

OS:
 Windows 11 , 64 bit Build 26100 (10.0.26100.3912)
OS uptime: 6 days 10:51 hours
Hyper-V role detected

CPU: total 4 (initial active 4) (2 cores per cpu, 2 threads per core) family 6 model 140 stepping 1 microcode 0xa6, cx8, cmov, fxsr, ht, mmx, 3dnowpref, sse, sse2, sse3, ssse3, sse4.1, sse4.2, popcnt, lzcnt, tsc, tscinvbit, avx, avx2, aes, erms, clmul, bmi1, bmi2, adx, avx512f, avx512dq, avx512cd, avx512bw, avx512vl, sha, fma, vzeroupper, avx512_vpopcntdq, avx512_vpclmulqdq, avx512_vaes, avx512_vnni, clflush, clflushopt, clwb, avx512_vbmi2, avx512_vbmi, hv, rdtscp, rdpid, fsrm, gfni, avx512_bitalg, f16c, cet_ibt, cet_ss, avx512_ifma

Memory: 4k page, system-wide physical 7886M (498M free)
TotalPageFile size 32462M (AvailPageFile size 15M)
current process WorkingSet (physical memory assigned to process): 114M, peak: 114M
current process commit charge ("private bytes"): 241M, peak: 242M

vm_info: Java HotSpot(TM) 64-Bit Server VM (20.0.2+9-78) for windows-amd64 JRE (20.0.2+9-78), built on 2023-06-14T10:08:48Z by "mach5one" with MS VC++ 17.1 (VS2022)

END.
